# JRE version: OpenJDK Runtime Environment Temurin-17.0.1+12 (17.0.1+12) (build 17.0.1+12)
# Java VM: OpenJDK 64-Bit Server VM Temurin-17.0.1+12 (17.0.1+12, mixed mode, tiered, compressed oops, compressed class ptrs, g1 gc, windows-amd64)
GC Precious Log:
 CPUs: 8 total, 8 available
 Memory: 8078M
 Large Page Support: Disabled
 NUMA Support: Disabled
 Compressed Oops: Enabled (32-bit)
 Heap Region Size: 1M
 Heap Min Capacity: 8M
 Heap Initial Capacity: 128M
 Heap Max Capacity: 2020M
 Pre-touch: Disabled
 Parallel Workers: 8
 Concurrent Workers: 2
 Concurrent Refinement Workers: 8
 Periodic GC: Disabled
Heap:
 garbage-first heap   total 89088K, used 50315K [0x0000000081c00000, 0x0000000100000000)
  region size 1024K, 24 young (24576K), 4 survivors (4096K)
 Metaspace       used 78490K, committed 79040K, reserved 1122304K
  class space    used 9411K, committed 9664K, reserved 1048576K
GC Heap History (20 events):
Event: 2384.195 GC heap before
{Heap before GC invocations=44 (full 3):
 garbage-first heap   total 110592K, used 35310K [0x0000000081c00000, 0x0000000100000000)
  region size 1024K, 6 young (6144K), 4 survivors (4096K)
 Metaspace       used 76695K, committed 77184K, reserved 1122304K
  class space    used 9285K, committed 9536K, reserved 1048576K
}
Event: 2384.240 GC heap after
{Heap after GC invocations=45 (full 4):
 garbage-first heap   total 86016K, used 22289K [0x0000000081c00000, 0x0000000100000000)
  region size 1024K, 0 young (0K), 0 survivors (0K)
 Metaspace       used 76576K, committed 77184K, reserved 1122304K
  class space    used 9261K, committed 9536K, reserved 1048576K
}
Event: 2385.011 GC heap before
{Heap before GC invocations=45 (full 4):
 garbage-first heap   total 86016K, used 68369K [0x0000000081c00000, 0x0000000100000000)
  region size 1024K, 46 young (47104K), 0 survivors (0K)
 Metaspace       used 76852K, committed 77376K, reserved 1122304K
  class space    used 9300K, committed 9536K, reserved 1048576K
}
Event: 2385.014 GC heap after
{Heap after GC invocations=46 (full 4):
 garbage-first heap   total 86016K, used 26067K [0x0000000081c00000, 0x0000000100000000)
  region size 1024K, 4 young (4096K), 4 survivors (4096K)
 Metaspace       used 76852K, committed 77376K, reserved 1122304K
  class space    used 9300K, committed 9536K, reserved 1048576K
}
Event: 2385.126 GC heap before
{Heap before GC invocations=46 (full 4):
 garbage-first heap   total 86016K, used 67027K [0x0000000081c00000, 0x0000000100000000)
  region size 1024K, 45 young (46080K), 4 survivors (4096K)
 Metaspace       used 76896K, committed 77440K, reserved 1122304K
  class space    used 9303K, committed 9536K, reserved 1048576K
}
Event: 2385.128 GC heap after
{Heap after GC invocations=47 (full 4):
 garbage-first heap   total 86016K, used 26432K [0x0000000081c00000, 0x0000000100000000)
  region size 1024K, 1 young (1024K), 1 survivors (1024K)
 Metaspace       used 76896K, committed 77440K, reserved 1122304K
  class space    used 9303K, committed 9536K, reserved 1048576K
}
Event: 2385.442 GC heap before
{Heap before GC invocations=47 (full 4):
 garbage-first heap   total 86016K, used 67392K [0x0000000081c00000, 0x0000000100000000)
  region size 1024K, 41 young (41984K), 1 survivors (1024K)
 Metaspace       used 77098K, committed 77568K, reserved 1122304K
  class space    used 9310K, committed 9536K, reserved 1048576K
}
Event: 2385.446 GC heap after
{Heap after GC invocations=48 (full 4):
 garbage-first heap   total 86016K, used 27779K [0x0000000081c00000, 0x0000000100000000)
  region size 1024K, 3 young (3072K), 3 survivors (3072K)
 Metaspace       used 77098K, committed 77568K, reserved 1122304K
  class space    used 9310K, committed 9536K, reserved 1048576K
}
Event: 2386.045 GC heap before
{Heap before GC invocations=48 (full 4):
 garbage-first heap   total 86016K, used 66691K [0x0000000081c00000, 0x0000000100000000)
  region size 1024K, 41 young (41984K), 3 survivors (3072K)
 Metaspace       used 77276K, committed 77760K, reserved 1122304K
  class space    used 9318K, committed 9536K, reserved 1048576K
}
Event: 2386.051 GC heap after
{Heap after GC invocations=49 (full 4):
 garbage-first heap   total 209920K, used 29528K [0x0000000081c00000, 0x0000000100000000)
  region size 1024K, 4 young (4096K), 4 survivors (4096K)
 Metaspace       used 77276K, committed 77760K, reserved 1122304K
  class space    used 9318K, committed 9536K, reserved 1048576K
}
Event: 2423.846 GC heap before
{Heap before GC invocations=49 (full 4):
 garbage-first heap   total 209920K, used 65368K [0x0000000081c00000, 0x0000000100000000)
  region size 1024K, 40 young (40960K), 4 survivors (4096K)
 Metaspace       used 77556K, committed 78080K, reserved 1122304K
  class space    used 9341K, committed 9600K, reserved 1048576K
}
Event: 2423.915 GC heap after
{Heap after GC invocations=50 (full 5):
 garbage-first heap   total 89088K, used 24626K [0x0000000081c00000, 0x0000000100000000)
  region size 1024K, 0 young (0K), 0 survivors (0K)
 Metaspace       used 77535K, committed 78080K, reserved 1122304K
  class space    used 9338K, committed 9600K, reserved 1048576K
}
Event: 2424.733 GC heap before
{Heap before GC invocations=50 (full 5):
 garbage-first heap   total 89088K, used 70706K [0x0000000081c00000, 0x0000000100000000)
  region size 1024K, 46 young (47104K), 0 survivors (0K)
 Metaspace       used 77791K, committed 78336K, reserved 1122304K
  class space    used 9362K, committed 9600K, reserved 1048576K
}
Event: 2424.738 GC heap after
{Heap after GC invocations=51 (full 5):
 garbage-first heap   total 89088K, used 27285K [0x0000000081c00000, 0x0000000100000000)
  region size 1024K, 3 young (3072K), 3 survivors (3072K)
 Metaspace       used 77791K, committed 78336K, reserved 1122304K
  class space    used 9362K, committed 9600K, reserved 1048576K
}
Event: 2425.022 GC heap before
{Heap before GC invocations=51 (full 5):
 garbage-first heap   total 89088K, used 70293K [0x0000000081c00000, 0x0000000100000000)
  region size 1024K, 46 young (47104K), 3 survivors (3072K)
 Metaspace       used 77905K, committed 78400K, reserved 1122304K
  class space    used 9369K, committed 9600K, reserved 1048576K
}
Event: 2425.027 GC heap after
{Heap after GC invocations=52 (full 5):
 garbage-first heap   total 89088K, used 27644K [0x0000000081c00000, 0x0000000100000000)
  region size 1024K, 3 young (3072K), 3 survivors (3072K)
 Metaspace       used 77905K, committed 78400K, reserved 1122304K
  class space    used 9369K, committed 9600K, reserved 1048576K
}
Event: 2425.254 GC heap before
{Heap before GC invocations=52 (full 5):
 garbage-first heap   total 89088K, used 72700K [0x0000000081c00000, 0x0000000100000000)
  region size 1024K, 47 young (48128K), 3 survivors (3072K)
 Metaspace       used 78145K, committed 78656K, reserved 1122304K
  class space    used 9378K, committed 9600K, reserved 1048576K
}
Event: 2425.257 GC heap after
{Heap after GC invocations=53 (full 5):
 garbage-first heap   total 89088K, used 29480K [0x0000000081c00000, 0x0000000100000000)
  region size 1024K, 5 young (5120K), 5 survivors (5120K)
 Metaspace       used 78145K, committed 78656K, reserved 1122304K
  class space    used 9378K, committed 9600K, reserved 1048576K
}
Event: 2425.407 GC heap before
{Heap before GC invocations=53 (full 5):
 garbage-first heap   total 89088K, used 72488K [0x0000000081c00000, 0x0000000100000000)
  region size 1024K, 47 young (48128K), 5 survivors (5120K)
 Metaspace       used 78308K, committed 78912K, reserved 1122304K
  class space    used 9390K, committed 9664K, reserved 1048576K
}
Event: 2425.412 GC heap after
{Heap after GC invocations=54 (full 5):
 garbage-first heap   total 89088K, used 30859K [0x0000000081c00000, 0x0000000100000000)
  region size 1024K, 4 young (4096K), 4 survivors (4096K)
 Metaspace       used 78308K, committed 78912K, reserved 1122304K
  class space    used 9390K, committed 9664K, reserved 1048576K
}

