# JRE version: OpenJDK Runtime Environment Temurin-17.0.1+12 (17.0.1+12) (build 17.0.1+12)
# Java VM: OpenJDK 64-Bit Server VM Temurin-17.0.1+12 (17.0.1+12, mixed mode, tiered, compressed oops, compressed class ptrs, g1 gc, windows-amd64)
GC Precious Log:
 CPUs: 8 total, 8 available
 Memory: 8078M
 Large Page Support: Disabled
 NUMA Support: Disabled
 Compressed Oops: Enabled (32-bit)
 Heap Region Size: 1M
 Heap Min Capacity: 8M
 Heap Initial Capacity: 128M
 Heap Max Capacity: 2020M
 Pre-touch: Disabled
 Parallel Workers: 8
 Concurrent Workers: 2
 Concurrent Refinement Workers: 8
 Periodic GC: Disabled
Heap:
 garbage-first heap   total 81920K, used 56910K [0x0000000081c00000, 0x0000000100000000)
  region size 1024K, 34 young (34816K), 4 survivors (4096K)
 Metaspace       used 71523K, committed 71872K, reserved 1114112K
  class space    used 8926K, committed 9088K, reserved 1048576K
GC Heap History (20 events):
Event: 6.453 GC heap before
{Heap before GC invocations=15 (full 0):
 garbage-first heap   total 58368K, used 44861K [0x0000000081c00000, 0x0000000100000000)
  region size 1024K, 30 young (30720K), 1 survivors (1024K)
 Metaspace       used 38254K, committed 38592K, reserved 1089536K
  class space    used 4452K, committed 4608K, reserved 1048576K
}
Event: 6.454 GC heap after
{Heap after GC invocations=16 (full 0):
 garbage-first heap   total 58368K, used 16367K [0x0000000081c00000, 0x0000000100000000)
  region size 1024K, 1 young (1024K), 1 survivors (1024K)
 Metaspace       used 38254K, committed 38592K, reserved 1089536K
  class space    used 4452K, committed 4608K, reserved 1048576K
}
Event: 6.572 GC heap before
{Heap before GC invocations=16 (full 0):
 garbage-first heap   total 58368K, used 46063K [0x0000000081c00000, 0x0000000100000000)
  region size 1024K, 31 young (31744K), 1 survivors (1024K)
 Metaspace       used 38804K, committed 39168K, reserved 1089536K
  class space    used 4504K, committed 4672K, reserved 1048576K
}
Event: 6.575 GC heap after
{Heap after GC invocations=17 (full 0):
 garbage-first heap   total 166912K, used 16631K [0x0000000081c00000, 0x0000000100000000)
  region size 1024K, 1 young (1024K), 1 survivors (1024K)
 Metaspace       used 38804K, committed 39168K, reserved 1089536K
  class space    used 4504K, committed 4672K, reserved 1048576K
}
Event: 7.900 GC heap before
{Heap before GC invocations=17 (full 0):
 garbage-first heap   total 166912K, used 113911K [0x0000000081c00000, 0x0000000100000000)
  region size 1024K, 97 young (99328K), 1 survivors (1024K)
 Metaspace       used 45732K, committed 46080K, reserved 1089536K
  class space    used 5585K, committed 5760K, reserved 1048576K
}
Event: 7.904 GC heap after
{Heap after GC invocations=18 (full 0):
 garbage-first heap   total 166912K, used 18053K [0x0000000081c00000, 0x0000000100000000)
  region size 1024K, 2 young (2048K), 2 survivors (2048K)
 Metaspace       used 45732K, committed 46080K, reserved 1089536K
  class space    used 5585K, committed 5760K, reserved 1048576K
}
Event: 9.239 GC heap before
{Heap before GC invocations=18 (full 0):
 garbage-first heap   total 166912K, used 114309K [0x0000000081c00000, 0x0000000100000000)
  region size 1024K, 97 young (99328K), 2 survivors (2048K)
 Metaspace       used 56612K, committed 57024K, reserved 1105920K
  class space    used 6905K, committed 7104K, reserved 1048576K
}
Event: 9.247 GC heap after
{Heap after GC invocations=19 (full 0):
 garbage-first heap   total 166912K, used 21237K [0x0000000081c00000, 0x0000000100000000)
  region size 1024K, 5 young (5120K), 5 survivors (5120K)
 Metaspace       used 56612K, committed 57024K, reserved 1105920K
  class space    used 6905K, committed 7104K, reserved 1048576K
}
Event: 9.773 GC heap before
{Heap before GC invocations=19 (full 0):
 garbage-first heap   total 166912K, used 56053K [0x0000000081c00000, 0x0000000100000000)
  region size 1024K, 40 young (40960K), 5 survivors (5120K)
 Metaspace       used 60112K, committed 60416K, reserved 1105920K
  class space    used 7499K, committed 7680K, reserved 1048576K
}
Event: 9.779 GC heap after
{Heap after GC invocations=20 (full 0):
 garbage-first heap   total 166912K, used 21816K [0x0000000081c00000, 0x0000000100000000)
  region size 1024K, 6 young (6144K), 6 survivors (6144K)
 Metaspace       used 60112K, committed 60416K, reserved 1105920K
  class space    used 7499K, committed 7680K, reserved 1048576K
}
Event: 10.381 GC heap before
{Heap before GC invocations=21 (full 0):
 garbage-first heap   total 81920K, used 64824K [0x0000000081c00000, 0x0000000100000000)
  region size 1024K, 48 young (49152K), 6 survivors (6144K)
 Metaspace       used 61052K, committed 61376K, reserved 1105920K
  class space    used 7624K, committed 7808K, reserved 1048576K
}
Event: 10.390 GC heap after
{Heap after GC invocations=22 (full 0):
 garbage-first heap   total 81920K, used 23457K [0x0000000081c00000, 0x0000000100000000)
  region size 1024K, 3 young (3072K), 3 survivors (3072K)
 Metaspace       used 61052K, committed 61376K, reserved 1105920K
  class space    used 7624K, committed 7808K, reserved 1048576K
}
Event: 10.393 GC heap before
{Heap before GC invocations=22 (full 0):
 garbage-first heap   total 81920K, used 24481K [0x0000000081c00000, 0x0000000100000000)
  region size 1024K, 4 young (4096K), 3 survivors (3072K)
 Metaspace       used 61119K, committed 61440K, reserved 1105920K
  class space    used 7625K, committed 7808K, reserved 1048576K
}
Event: 10.397 GC heap after
{Heap after GC invocations=23 (full 0):
 garbage-first heap   total 81920K, used 23302K [0x0000000081c00000, 0x0000000100000000)
  region size 1024K, 1 young (1024K), 1 survivors (1024K)
 Metaspace       used 61119K, committed 61440K, reserved 1105920K
  class space    used 7625K, committed 7808K, reserved 1048576K
}
Event: 10.936 GC heap before
{Heap before GC invocations=23 (full 0):
 garbage-first heap   total 81920K, used 68358K [0x0000000081c00000, 0x0000000100000000)
  region size 1024K, 45 young (46080K), 1 survivors (1024K)
 Metaspace       used 63626K, committed 64000K, reserved 1105920K
  class space    used 7952K, committed 8128K, reserved 1048576K
}
Event: 10.940 GC heap after
{Heap after GC invocations=24 (full 0):
 garbage-first heap   total 81920K, used 24560K [0x0000000081c00000, 0x0000000100000000)
  region size 1024K, 2 young (2048K), 2 survivors (2048K)
 Metaspace       used 63626K, committed 64000K, reserved 1105920K
  class space    used 7952K, committed 8128K, reserved 1048576K
}
Event: 11.582 GC heap before
{Heap before GC invocations=24 (full 0):
 garbage-first heap   total 81920K, used 67568K [0x0000000081c00000, 0x0000000100000000)
  region size 1024K, 44 young (45056K), 2 survivors (2048K)
 Metaspace       used 65586K, committed 65984K, reserved 1114112K
  class space    used 8211K, committed 8384K, reserved 1048576K
}
Event: 11.587 GC heap after
{Heap after GC invocations=25 (full 0):
 garbage-first heap   total 81920K, used 26612K [0x0000000081c00000, 0x0000000100000000)
  region size 1024K, 4 young (4096K), 4 survivors (4096K)
 Metaspace       used 65586K, committed 65984K, reserved 1114112K
  class space    used 8211K, committed 8384K, reserved 1048576K
}
Event: 41.492 GC heap before
{Heap before GC invocations=25 (full 0):
 garbage-first heap   total 81920K, used 66548K [0x0000000081c00000, 0x0000000100000000)
  region size 1024K, 44 young (45056K), 4 survivors (4096K)
 Metaspace       used 69363K, committed 69824K, reserved 1114112K
  class space    used 8689K, committed 8896K, reserved 1048576K
}
Event: 41.498 GC heap after
{Heap after GC invocations=26 (full 0):
 garbage-first heap   total 81920K, used 28238K [0x0000000081c00000, 0x0000000100000000)
  region size 1024K, 4 young (4096K), 4 survivors (4096K)
 Metaspace       used 69363K, committed 69824K, reserved 1114112K
  class space    used 8689K, committed 8896K, reserved 1048576K
}

